✓ Standard-MonoB_training2A.hdf5
✓ Standard-MonoB_training2B.hdf5
✓ Standard-MonoB_training3A.hdf5
✓ Standard-MonoB_training3B.hdf5
✓ Standard-MonoB_training4A.hdf5
❌ Standard-MonoB_training4B.hdf5
   Non-monotonic at sample 223: off[223]=277371, off[224]=262433
✓ Standard-MonoB_training5A.hdf5
✓ Standard-MonoB_training5B.hdf5
✓ Standard-MonoB_trainingA.hdf5
✓ Standard-MonoB_trainingB.hdf5
✓ Standard-MonoG_training2A.hdf5
✓ Standard-MonoG_training2B.hdf5
✓ Standard-MonoG_training3A.hdf5
✓ Standard-MonoG_training3B.hdf5
✓ Standard-MonoG_training4A.hdf5
❌ Standard-MonoG_training4B.hdf5
   Non-monotonic at sample 225: off[225]=278818, off[226]=276414
✓ Standard-MonoG_training5A.hdf5
✓ Standard-MonoG_training5B.hdf5
✓ Standard-MonoG_trainingA.hdf5
✓ Standard-MonoG_trainingB.hdf5
✓ Standard-MonoR_training2A.hdf5
✓ Standard-MonoR_training2B.hdf5
✓ Standard-MonoR_training3A.hdf5
✓ Standard-MonoR_training3B.hdf5
✓ Standard-MonoR_training4A.hdf5
✓ Standard-MonoR_training4B.hdf5
✓ Standard-MonoR_training5A.hdf5
✓ Standard-MonoR_training5B.hdf5
✓ Standard-MonoR_trainingA.hdf5
✓ Standard-MonoR_trainingB.hdf5
✓ Standard-MonoU_training2A.hdf5
✓ Standard-MonoU_training2B.hdf5
✓ Standard-MonoU_training3A.hdf5
✓ Standard-MonoU_training3B.hdf5
✓ Standard-MonoU_training4A.hdf5
✓ Standard-MonoU_training4B.hdf5
✓ Standard-MonoU_training5A.hdf5
✓ Standard-MonoU_training5B.hdf5
✓ Standard-MonoU_trainingA.hdf5
✓ Standard-MonoU_trainingB.hdf5
✓ Standard-MonoW_training2A.hdf5
✓ Standard-MonoW_training2B.hdf5
✓ Standard-MonoW_training3A.hdf5
✓ Standard-MonoW_training3B.hdf5
✓ Standard-MonoW_training4A.hdf5
❌ Standard-MonoW_training4B.hdf5
   Non-monotonic at sample 6486: off[6486]=10213908, off[6487]=0
✓ Standard-MonoW_training5A.hdf5
✓ Standard-MonoW_training5B.hdf5
✓ Standard-MonoW_trainingA.hdf5
✓ Standard-MonoW_trainingB.hdf5
